Fri Mar 13 2020 16:05:33 GMT+0530 (India Standard Time): GET: /about1
Fri Mar 13 2020 16:05:33 GMT+0530 (India Standard Time): GET: /favicon.ico
Fri Mar 13 2020 16:05:35 GMT+0530 (India Standard Time): GET: /
Fri Mar 13 2020 16:05:36 GMT+0530 (India Standard Time): GET: /favicon.ico
Fri Mar 13 2020 16:05:48 GMT+0530 (India Standard Time): GET: /
Fri Mar 13 2020 16:05:49 GMT+0530 (India Standard Time): GET: /about1
Fri Mar 13 2020 16:06:06 GMT+0530 (India Standard Time): GET: /
Fri Mar 13 2020 16:40:31 GMT+0530 (India Standard Time): GET: /m
Fri Mar 13 2020 16:40:31 GMT+0530 (India Standard Time): GET: /ma
Fri Mar 13 2020 16:40:32 GMT+0530 (India Standard Time): GET: /mai
Fri Mar 13 2020 16:40:33 GMT+0530 (India Standard Time): GET: /main
Fri Mar 13 2020 16:41:41 GMT+0530 (India Standard Time): GET: /
Fri Mar 13 2020 16:42:02 GMT+0530 (India Standard Time): GET: /
Fri Mar 13 2020 16:42:05 GMT+0530 (India Standard Time): GET: /
Fri Mar 13 2020 16:42:07 GMT+0530 (India Standard Time): GET: /
Fri Mar 13 2020 16:44:11 GMT+0530 (India Standard Time): GET: /
Fri Mar 13 2020 16:44:43 GMT+0530 (India Standard Time): GET: /
Fri Mar 13 2020 16:47:49 GMT+0530 (India Standard Time): GET: /
Fri Mar 13 2020 16:47:57 GMT+0530 (India Standard Time): GET: /a
Fri Mar 13 2020 16:47:57 GMT+0530 (India Standard Time): GET: /ab
Fri Mar 13 2020 16:48:00 GMT+0530 (India Standard Time): GET: /abo
Fri Mar 13 2020 16:48:00 GMT+0530 (India Standard Time): GET: /abou
Fri Mar 13 2020 16:48:00 GMT+0530 (India Standard Time): GET: /about
Fri Mar 13 2020 16:48:01 GMT+0530 (India Standard Time): GET: /about
Wed Apr 08 2020 16:46:22 GMT+0530 (India Standard Time): GET: /
Wed Apr 08 2020 16:46:31 GMT+0530 (India Standard Time): GET: /
Wed Apr 08 2020 16:47:17 GMT+0530 (India Standard Time): GET: /home1
Wed Apr 08 2020 16:47:41 GMT+0530 (India Standard Time): GET: /
Wed Apr 08 2020 16:47:56 GMT+0530 (India Standard Time): GET: /about1
